TN:
SF:src/main/ts/constants.ts
FNF:0
FNH:0
DA:1,3
DA:2,3
DA:3,3
LF:3
LH:3
BRF:0
BRH:0
end_of_record
TN:
SF:src/main/ts/index.ts
FN:1,topoconfig
FNF:1
FNH:1
FNDA:1,topoconfig
DA:1,2
LF:1
LH:1
BRDA:1,0,0,1
BRF:1
BRH:1
end_of_record
TN:
SF:src/main/ts/parse.ts
FN:5,parseInjects
FN:18,parseDataInjects
FN:54,parseWords
FN:83,parseDirectives
FN:95,capture
FN:128,formatRefKey
FN:130,resolveRefKey
FN:147,parseDataArgs
FN:151,populateMappings
FN:167,parse
FN:5,E
FN:54,U
FN:83,z
FN:147,H
FNF:14
FNH:14
FNDA:50,parseInjects
FNDA:19,parseDataInjects
FNDA:11,parseWords
FNDA:11,parseDirectives
FNDA:17,capture
FNDA:7,formatRefKey
FNDA:19,resolveRefKey
FNDA:5,parseDataArgs
FNDA:11,populateMappings
FNDA:5,parse
FNDA:50,E
FNDA:11,U
FNDA:11,z
FNDA:5,H
DA:1,3
DA:2,3
DA:3,3
DA:4,3
DA:5,3
DA:6,50
DA:7,50
DA:8,50
DA:9,98
DA:10,24
DA:11,24
DA:12,98
DA:13,98
DA:14,98
DA:15,98
DA:16,50
DA:17,3
DA:18,3
DA:19,19
DA:20,19
DA:21,19
DA:22,19
DA:23,10
DA:24,10
DA:25,19
DA:26,19
DA:27,1
DA:28,19
DA:29,8
DA:30,8
DA:31,19
DA:32,0
DA:33,19
DA:34,19
DA:35,19
DA:36,19
DA:37,3
DA:38,3
DA:39,3
DA:40,3
DA:41,3
DA:42,3
DA:43,3
DA:44,3
DA:45,3
DA:46,3
DA:47,3
DA:48,3
DA:49,3
DA:50,3
DA:51,3
DA:52,3
DA:53,3
DA:54,3
DA:55,11
DA:56,11
DA:57,11
DA:58,11
DA:59,11
DA:60,11
DA:61,11
DA:62,11
DA:63,11
DA:64,428
DA:65,428
DA:66,428
DA:67,426
DA:68,426
DA:69,426
DA:70,428
DA:71,428
DA:72,357
DA:73,357
DA:74,357
DA:75,71
DA:76,428
DA:77,428
DA:78,11
DA:79,11
DA:80,11
DA:81,11
DA:82,3
DA:83,3
DA:84,11
DA:85,0
DA:86,0
DA:87,0
DA:88,0
DA:89,0
DA:90,0
DA:91,0
DA:92,11
DA:93,11
DA:94,11
DA:95,11
DA:96,17
DA:97,17
DA:98,17
DA:99,17
DA:100,17
DA:101,17
DA:102,17
DA:103,17
DA:104,11
DA:105,11
DA:106,11
DA:107,11
DA:108,60
DA:109,60
DA:110,60
DA:111,6
DA:112,6
DA:113,60
DA:114,60
DA:115,60
DA:116,0
DA:117,0
DA:118,0
DA:119,60
DA:120,54
DA:121,11
DA:122,11
DA:123,11
DA:124,11
DA:125,11
DA:126,11
DA:127,3
DA:128,3
DA:129,3
DA:130,3
DA:131,19
DA:132,19
DA:133,19
DA:134,19
DA:135,41
DA:136,19
DA:137,19
DA:138,41
DA:139,4
DA:140,4
DA:141,41
DA:142,41
DA:143,19
DA:144,19
DA:145,19
DA:146,3
DA:147,3
DA:148,5
DA:149,5
DA:150,3
DA:151,3
DA:152,11
DA:153,11
DA:154,14
DA:155,0
DA:156,0
DA:157,14
DA:158,14
DA:159,14
DA:160,8
DA:161,8
DA:162,8
DA:163,14
DA:164,11
DA:165,11
DA:166,3
DA:167,3
DA:168,5
DA:169,5
DA:170,5
DA:171,5
DA:172,5
DA:173,5
DA:174,5
DA:175,5
DA:176,5
DA:177,5
DA:178,5
DA:179,5
DA:180,5
DA:181,5
DA:182,5
DA:183,5
DA:184,5
DA:185,5
DA:186,5
DA:187,5
DA:188,5
DA:189,5
DA:190,5
DA:191,8
DA:192,8
DA:193,8
DA:194,8
DA:195,6
DA:196,6
DA:197,6
DA:198,6
DA:199,2
DA:200,2
DA:201,5
DA:202,5
DA:203,5
DA:204,5
DA:205,5
DA:206,5
DA:207,5
DA:208,5
DA:209,5
DA:210,5
DA:211,5
DA:212,5
LF:212
LH:199
BRDA:5,0,0,50
BRDA:8,1,0,98
BRDA:9,2,0,74
BRDA:10,3,0,24
BRDA:12,4,0,20
BRDA:12,5,0,4
BRDA:18,6,0,19
BRDA:19,7,0,1
BRDA:19,8,0,18
BRDA:22,9,0,10
BRDA:25,10,0,1
BRDA:26,11,0,1
BRDA:28,12,0,8
BRDA:31,13,0,0
BRDA:29,14,0,10
BRDA:54,15,0,11
BRDA:63,16,0,428
BRDA:66,17,0,426
BRDA:67,18,0,63
BRDA:67,19,0,363
BRDA:67,20,0,12
BRDA:67,21,0,351
BRDA:67,22,0,12
BRDA:67,23,0,339
BRDA:68,24,0,421
BRDA:68,25,0,11
BRDA:68,26,0,11
BRDA:68,27,0,6
BRDA:68,28,0,6
BRDA:68,29,0,9
BRDA:68,30,0,5
BRDA:68,31,0,4
BRDA:68,32,0,1
BRDA:68,33,0,4
BRDA:68,34,0,417
BRDA:71,35,0,375
BRDA:71,36,0,310
BRDA:71,37,0,357
BRDA:75,38,0,71
BRDA:76,39,0,60
BRDA:83,40,0,11
BRDA:84,41,0,0
BRDA:95,42,0,17
BRDA:107,43,0,60
BRDA:110,44,0,6
BRDA:113,45,0,0
BRDA:114,46,0,0
BRDA:115,47,0,0
BRDA:120,48,0,54
BRDA:128,49,0,7
BRDA:128,50,0,6
BRDA:128,51,0,1
BRDA:130,52,0,19
BRDA:134,53,0,41
BRDA:135,54,0,21
BRDA:135,55,0,19
BRDA:138,56,0,39
BRDA:138,57,0,4
BRDA:144,58,0,0
BRDA:147,59,0,5
BRDA:148,60,0,3
BRDA:149,61,0,2
BRDA:149,62,0,2
BRDA:151,63,0,11
BRDA:153,64,0,14
BRDA:154,65,0,0
BRDA:158,66,0,8
BRDA:159,67,0,8
BRDA:167,68,0,5
BRDA:190,69,0,8
BRDA:194,70,0,6
BRDA:199,71,0,2
BRF:72
BRH:65
end_of_record
TN:
SF:src/main/ts/process.ts
FN:5,process
FN:24,processPipeline
FN:62,processData
FN:77,pushInjects
FN:86,processArg
FN:97,processInjects
FNF:6
FNH:6
FNDA:7,process
FNDA:7,processPipeline
FNDA:2,processData
FNDA:7,pushInjects
FNDA:8,processArg
FNDA:7,processInjects
DA:1,3
DA:2,3
DA:3,3
DA:4,3
DA:5,3
DA:6,7
DA:7,7
DA:8,7
DA:9,7
DA:10,0
DA:11,0
DA:12,7
DA:13,7
DA:14,0
DA:15,0
DA:16,7
DA:17,7
DA:18,7
DA:19,7
DA:20,7
DA:21,7
DA:22,7
DA:23,3
DA:24,3
DA:25,7
DA:26,7
DA:27,7
DA:28,7
DA:29,7
DA:30,7
DA:31,7
DA:32,7
DA:33,7
DA:34,0
DA:35,0
DA:36,0
DA:37,7
DA:38,7
DA:39,7
DA:40,7
DA:41,0
DA:42,0
DA:43,7
DA:44,7
DA:45,7
DA:46,7
DA:47,7
DA:48,7
DA:49,7
DA:50,7
DA:51,7
DA:52,7
DA:53,7
DA:54,7
DA:55,7
DA:56,7
DA:57,7
DA:58,7
DA:59,7
DA:60,7
DA:61,3
DA:62,3
DA:63,2
DA:64,2
DA:65,2
DA:66,3
DA:67,1
DA:68,1
DA:69,1
DA:70,1
DA:71,1
DA:72,1
DA:73,3
DA:74,3
DA:75,1
DA:76,3
DA:77,3
DA:78,7
DA:79,7
DA:80,9
DA:81,9
DA:82,9
DA:83,7
DA:84,7
DA:85,3
DA:86,3
DA:87,8
DA:88,18
DA:89,5
DA:90,5
DA:91,8
DA:92,8
DA:93,8
DA:94,8
DA:95,8
DA:96,3
DA:97,3
DA:98,7
DA:99,7
DA:100,7
LF:100
LH:91
BRDA:5,0,0,7
BRDA:9,1,0,0
BRDA:13,2,0,0
BRDA:24,3,0,7
BRDA:33,4,0,0
BRDA:40,5,0,0
BRDA:62,6,0,2
BRDA:64,7,0,1
BRDA:65,8,0,1
BRDA:65,9,0,3
BRDA:66,10,0,1
BRDA:70,11,0,0
BRDA:71,12,0,0
BRDA:69,13,0,1
BRDA:77,14,0,7
BRDA:78,15,0,0
BRDA:79,16,0,9
BRDA:81,17,0,8
BRDA:82,18,0,1
BRDA:86,19,0,8
BRDA:94,20,0,6
BRDA:94,21,0,2
BRDA:87,22,0,18
BRDA:88,23,0,13
BRDA:88,24,0,7
BRDA:89,25,0,5
BRDA:92,26,0,18
BRDA:97,27,0,7
BRDA:99,28,0,5
BRF:29
BRH:22
end_of_record
TN:
SF:src/main/ts/topoconfig.ts
FN:13,topoconfig
FN:13,Z
FNF:2
FNH:2
FNDA:1,topoconfig
FNDA:1,Z
DA:1,3
DA:2,3
DA:3,3
DA:4,3
DA:5,3
DA:6,3
DA:7,3
DA:8,3
DA:9,3
DA:10,3
DA:11,3
DA:12,3
DA:13,3
DA:14,1
DA:15,1
DA:16,1
DA:17,1
DA:18,1
DA:19,1
DA:20,1
DA:21,1
DA:22,1
DA:23,1
DA:24,1
LF:24
LH:24
BRDA:13,0,0,1
BRDA:24,1,0,1
BRF:2
BRH:2
end_of_record
TN:
SF:src/main/ts/util.ts
FN:2,get
FN:6,travel
FN:17,flatten
FN:26,expand
FN:55,getPromise
FN:56,resolve
FN:57,reject
FN:67,reverseMap
FN:67,w
FNF:9
FNH:7
FNDA:8,get
FNDA:3,travel
FNDA:3,flatten
FNDA:1,expand
FNDA:7,getPromise
FNDA:0,resolve
FNDA:0,reject
FNDA:1,reverseMap
FNDA:3,w
DA:1,3
DA:2,3
DA:3,8
DA:4,8
DA:5,2
DA:6,2
DA:7,3
DA:8,3
DA:9,3
DA:10,8
DA:11,8
DA:12,8
DA:13,3
DA:14,3
DA:15,3
DA:16,3
DA:17,3
DA:18,3
DA:19,3
DA:20,3
DA:21,3
DA:22,3
DA:23,3
DA:24,3
DA:25,3
DA:26,3
DA:27,1
DA:28,1
DA:29,1
DA:30,1
DA:31,2
DA:32,2
DA:33,2
DA:34,2
DA:35,2
DA:36,2
DA:37,2
DA:38,1
DA:39,1
DA:40,2
DA:41,2
DA:42,1
DA:43,1
DA:44,1
DA:45,1
DA:46,3
DA:47,3
DA:48,3
DA:49,3
DA:50,3
DA:51,3
DA:52,3
DA:53,3
DA:54,3
DA:55,3
DA:56,7
DA:57,7
DA:58,7
DA:59,7
DA:60,7
DA:61,7
DA:62,7
DA:63,7
DA:64,7
DA:65,7
DA:66,3
DA:67,3
DA:68,3
LF:68
LH:68
BRDA:2,0,0,8
BRDA:3,1,0,3
BRDA:4,2,0,5
BRDA:4,3,0,3
BRDA:5,4,0,2
BRDA:10,5,0,1
BRDA:11,6,0,2
BRDA:11,7,0,0
BRDA:11,8,0,2
BRDA:6,9,0,3
BRDA:9,10,0,4
BRDA:9,11,0,0
BRDA:17,12,0,3
BRDA:19,13,0,3
BRDA:22,14,0,1
BRDA:23,15,0,2
BRDA:26,16,0,1
BRDA:28,17,0,1
BRDA:30,18,0,2
BRDA:31,19,0,1
BRDA:31,20,0,0
BRDA:33,21,0,1
BRDA:34,22,0,1
BRDA:34,23,0,0
BRDA:37,24,0,1
BRDA:55,25,0,7
BRDA:58,26,0,7
BRDA:67,27,0,1
BRDA:68,28,0,18
BRDA:67,29,0,3
BRF:30
BRH:26
end_of_record
